<?xml version="1.0" encoding="UTF-8"?>
<!-- Generated by org.testng.reporters.JUnitReportReporter -->
<testsuite hostname="DESKTOP-TCON8QD" failures="0" tests="2" name="MarchSample.SampleMarch.Simple" time="32.688" errors="0" timestamp="2022-03-19T09:26:52 IST" skipped="0">
  <testcase classname="MarchSample.SampleMarch.Simple" name="Search" time="19.770"/>
  <system-out/>
  <testcase classname="MarchSample.SampleMarch.Simple" name="Google" time="12.918"/>
  <system-out/>
</testsuite> <!-- MarchSample.SampleMarch.Simple -->
