<?xml version="1.0" encoding="UTF-8"?>
<!-- Generated by org.testng.reporters.JUnitReportReporter -->
<testsuite hostname="DESKTOP-TCON8QD" failures="0" tests="2" name="MarchSample.SampleMarch.Simple" time="33.980" errors="0" timestamp="2022-03-19T14:26:33 IST" skipped="0">
  <testcase classname="MarchSample.SampleMarch.Simple" name="Search" time="24.502"/>
  <system-out/>
  <testcase classname="MarchSample.SampleMarch.Simple" name="Google" time="9.478"/>
  <system-out/>
</testsuite> <!-- MarchSample.SampleMarch.Simple -->
